<?xml version="1.0" encoding="UTF-8"?>
<!-- Generated by org.testng.reporters.JUnitReportReporter -->
<testsuite skipped="3" hostname="INAIRLT541246" name="com.test.hybrid.suiteA.LoginTest" tests="4" failures="0" timestamp="18 Feb 2021 06:32:42 GMT" time="140.218" errors="0">
  <testcase name="login" time="139.786" classname="com.test.hybrid.suiteA.LoginTest"/>
  <testcase name="login" time="0.282" classname="com.test.hybrid.suiteA.LoginTest">
    <skipped/>
  </testcase> <!-- login -->
  <testcase name="login" time="0.079" classname="com.test.hybrid.suiteA.LoginTest">
    <skipped/>
  </testcase> <!-- login -->
  <testcase name="login" time="0.071" classname="com.test.hybrid.suiteA.LoginTest">
    <skipped/>
  </testcase> <!-- login -->
</testsuite> <!-- com.test.hybrid.suiteA.LoginTest -->
