<?xml version="1.0" encoding="UTF-8"?>
<!-- Generated by org.testng.reporters.JUnitReportReporter -->
<testsuite skipped="1" hostname="INAIRLT541246" name="com.test.hybrid.suiteA.TestB" tests="1" failures="0" timestamp="18 Feb 2021 05:30:00 GMT" time="0.000" errors="0">
  <testcase name="login" time="0.000" classname="com.test.hybrid.suiteA.TestB">
    <skipped/>
  </testcase> <!-- login -->
</testsuite> <!-- com.test.hybrid.suiteA.TestB -->
